
  .   ____          _            __ _ _
 /\\ / ___'_ __ _ _(_)_ __  __ _ \ \ \ \
( ( )\___ | '_ | '_| | '_ \/ _` | \ \ \ \
 \\/  ___)| |_)| | | | | || (_| |  ) ) ) )
  '  |____| .__|_| |_|_| |_\__, | / / / /
 =========|_|==============|___/=/_/_/_/
 :: Spring Boot ::                (v3.1.6)

2025-12-04T19:05:00.925+01:00  INFO 21264 --- [           main] c.city.mobility.MobilityRestApplication  : Starting MobilityRestApplication v0.0.1-SNAPSHOT using Java 17.0.11 with PID 21264 (D:\3_cycle_ing\SOC\smart-city-platform\services\mobility\target\mobility-rest-0.0.1-SNAPSHOT.jar started by Lenovo-R3 in D:\3_cycle_ing\SOC\smart-city-platform\services\mobility)
2025-12-04T19:05:00.935+01:00  INFO 21264 --- [           main] c.city.mobility.MobilityRestApplication  : No active profile set, falling back to 1 default profile: "default"
2025-12-04T19:05:07.435+01:00  INFO 21264 --- [           main] .s.d.r.c.RepositoryConfigurationDelegate : Bootstrapping Spring Data JPA repositories in DEFAULT mode.
2025-12-04T19:05:07.670+01:00  INFO 21264 --- [           main] .s.d.r.c.RepositoryConfigurationDelegate : Finished Spring Data repository scanning in 193 ms. Found 1 JPA repository interface.
2025-12-04T19:05:11.227+01:00  INFO 21264 --- [           main] o.s.b.w.embedded.tomcat.TomcatWebServer  : Tomcat initialized with port(s): 8081 (http)
2025-12-04T19:05:11.269+01:00  INFO 21264 --- [           main] o.apache.catalina.core.StandardService   : Starting service [Tomcat]
2025-12-04T19:05:11.270+01:00  INFO 21264 --- [           main] o.apache.catalina.core.StandardEngine    : Starting Servlet engine: [Apache Tomcat/10.1.16]
2025-12-04T19:05:11.626+01:00  INFO 21264 --- [           main] o.a.c.c.C.[Tomcat].[localhost].[/]       : Initializing Spring embedded WebApplicationContext
2025-12-04T19:05:11.632+01:00  INFO 21264 --- [           main] w.s.c.ServletWebServerApplicationContext : Root WebApplicationContext: initialization completed in 10522 ms
2025-12-04T19:05:14.935+01:00  INFO 21264 --- [           main] o.hibernate.jpa.internal.util.LogHelper  : HHH000204: Processing PersistenceUnitInfo [name: default]
2025-12-04T19:05:15.338+01:00  INFO 21264 --- [           main] org.hibernate.Version                    : HHH000412: Hibernate ORM core version 6.2.13.Final
2025-12-04T19:05:15.360+01:00  INFO 21264 --- [           main] org.hibernate.cfg.Environment            : HHH000406: Using bytecode reflection optimizer
2025-12-04T19:05:16.950+01:00  INFO 21264 --- [           main] o.s.o.j.p.SpringPersistenceUnitInfo      : No LoadTimeWeaver setup: ignoring JPA class transformer
2025-12-04T19:05:17.065+01:00  INFO 21264 --- [           main] com.zaxxer.hikari.HikariDataSource       : HikariPool-1 - Starting...
2025-12-04T19:05:17.719+01:00  INFO 21264 --- [           main] com.zaxxer.hikari.pool.HikariPool        : HikariPool-1 - Added connection org.postgresql.jdbc.PgConnection@3ac04654
2025-12-04T19:05:17.725+01:00  INFO 21264 --- [           main] com.zaxxer.hikari.HikariDataSource       : HikariPool-1 - Start completed.
2025-12-04T19:05:17.880+01:00  WARN 21264 --- [           main] org.hibernate.orm.deprecation            : HHH90000025: PostgreSQLDialect does not need to be specified explicitly using 'hibernate.dialect' (remove the property setting and it will be selected by default)
2025-12-04T19:05:21.845+01:00  INFO 21264 --- [           main] o.h.e.t.j.p.i.JtaPlatformInitiator       : HHH000489: No JTA platform available (set 'hibernate.transaction.jta.platform' to enable JTA platform integration)
Hibernate: create table transports (id bigserial not null, arrival_time timestamp(6) not null, available_seats integer, delay_minutes integer, departure_time timestamp(6) not null, destination varchar(255) not null, line_number varchar(255) not null, origin varchar(255) not null, status varchar(255), type varchar(255) not null, primary key (id))
2025-12-04T19:05:22.088+01:00  INFO 21264 --- [           main] j.LocalContainerEntityManagerFactoryBean : Initialized JPA EntityManagerFactory for persistence unit 'default'
2025-12-04T19:05:24.243+01:00  WARN 21264 --- [           main] JpaBaseConfiguration$JpaWebConfiguration : spring.jpa.open-in-view is enabled by default. Therefore, database queries may be performed during view rendering. Explicitly configure spring.jpa.open-in-view to disable this warning
2025-12-04T19:05:26.672+01:00  INFO 21264 --- [           main] o.s.b.a.e.web.EndpointLinksResolver      : Exposing 3 endpoint(s) beneath base path '/actuator'
2025-12-04T19:05:26.992+01:00  INFO 21264 --- [           main] o.s.b.w.embedded.tomcat.TomcatWebServer  : Tomcat started on port(s): 8081 (http) with context path ''
2025-12-04T19:05:27.052+01:00  INFO 21264 --- [           main] c.city.mobility.MobilityRestApplication  : Started MobilityRestApplication in 27.593 seconds (process running for 29.35)
Hibernate: insert into transports (arrival_time,available_seats,delay_minutes,departure_time,destination,line_number,origin,status,type) values (?,?,?,?,?,?,?,?,?)
Hibernate: insert into transports (arrival_time,available_seats,delay_minutes,departure_time,destination,line_number,origin,status,type) values (?,?,?,?,?,?,?,?,?)
2025-12-04T19:23:56.667+01:00  INFO 21264 --- [nio-8081-exec-1] o.a.c.c.C.[Tomcat].[localhost].[/]       : Initializing Spring DispatcherServlet 'dispatcherServlet'
2025-12-04T19:23:56.677+01:00  INFO 21264 --- [nio-8081-exec-1] o.s.web.servlet.DispatcherServlet        : Initializing Servlet 'dispatcherServlet'
2025-12-04T19:23:56.739+01:00  INFO 21264 --- [nio-8081-exec-1] o.s.web.servlet.DispatcherServlet        : Completed initialization in 62 ms
Hibernate: select t1_0.id,t1_0.arrival_time,t1_0.available_seats,t1_0.delay_minutes,t1_0.departure_time,t1_0.destination,t1_0.line_number,t1_0.origin,t1_0.status,t1_0.type from transports t1_0
Hibernate: select t1_0.id,t1_0.arrival_time,t1_0.available_seats,t1_0.delay_minutes,t1_0.departure_time,t1_0.destination,t1_0.line_number,t1_0.origin,t1_0.status,t1_0.type from transports t1_0 where t1_0.id=?
Hibernate: insert into transports (arrival_time,available_seats,delay_minutes,departure_time,destination,line_number,origin,status,type) values (?,?,?,?,?,?,?,?,?)
Hibernate: select t1_0.id,t1_0.arrival_time,t1_0.available_seats,t1_0.delay_minutes,t1_0.departure_time,t1_0.destination,t1_0.line_number,t1_0.origin,t1_0.status,t1_0.type from transports t1_0
Hibernate: select t1_0.id,t1_0.arrival_time,t1_0.available_seats,t1_0.delay_minutes,t1_0.departure_time,t1_0.destination,t1_0.line_number,t1_0.origin,t1_0.status,t1_0.type from transports t1_0
Hibernate: select t1_0.id,t1_0.arrival_time,t1_0.available_seats,t1_0.delay_minutes,t1_0.departure_time,t1_0.destination,t1_0.line_number,t1_0.origin,t1_0.status,t1_0.type from transports t1_0 where t1_0.id=?
2025-12-04T19:31:30.585+01:00  INFO 21264 --- [nio-8081-exec-5] o.springdoc.api.AbstractOpenApiResource  : Init duration for springdoc-openapi is: 2946 ms
Hibernate: select t1_0.id,t1_0.arrival_time,t1_0.available_seats,t1_0.delay_minutes,t1_0.departure_time,t1_0.destination,t1_0.line_number,t1_0.origin,t1_0.status,t1_0.type from transports t1_0 where t1_0.id=?
Hibernate: insert into transports (arrival_time,available_seats,delay_minutes,departure_time,destination,line_number,origin,status,type) values (?,?,?,?,?,?,?,?,?)
Hibernate: select t1_0.id,t1_0.arrival_time,t1_0.available_seats,t1_0.delay_minutes,t1_0.departure_time,t1_0.destination,t1_0.line_number,t1_0.origin,t1_0.status,t1_0.type from transports t1_0 where t1_0.origin=? and t1_0.destination=?
Hibernate: select t1_0.id,t1_0.arrival_time,t1_0.available_seats,t1_0.delay_minutes,t1_0.departure_time,t1_0.destination,t1_0.line_number,t1_0.origin,t1_0.status,t1_0.type from transports t1_0
Hibernate: select t1_0.id,t1_0.arrival_time,t1_0.available_seats,t1_0.delay_minutes,t1_0.departure_time,t1_0.destination,t1_0.line_number,t1_0.origin,t1_0.status,t1_0.type from transports t1_0 where t1_0.id=?
Hibernate: select t1_0.id,t1_0.arrival_time,t1_0.available_seats,t1_0.delay_minutes,t1_0.departure_time,t1_0.destination,t1_0.line_number,t1_0.origin,t1_0.status,t1_0.type from transports t1_0 where t1_0.id=?
Hibernate: select t1_0.id,t1_0.arrival_time,t1_0.available_seats,t1_0.delay_minutes,t1_0.departure_time,t1_0.destination,t1_0.line_number,t1_0.origin,t1_0.status,t1_0.type from transports t1_0 where t1_0.id=?
Hibernate: select t1_0.id,t1_0.arrival_time,t1_0.available_seats,t1_0.delay_minutes,t1_0.departure_time,t1_0.destination,t1_0.line_number,t1_0.origin,t1_0.status,t1_0.type from transports t1_0 where t1_0.id=?
Hibernate: select t1_0.id,t1_0.arrival_time,t1_0.available_seats,t1_0.delay_minutes,t1_0.departure_time,t1_0.destination,t1_0.line_number,t1_0.origin,t1_0.status,t1_0.type from transports t1_0 where t1_0.id=?
Hibernate: insert into transports (arrival_time,available_seats,delay_minutes,departure_time,destination,line_number,origin,status,type) values (?,?,?,?,?,?,?,?,?)
2025-12-04T19:56:14.424+01:00  WARN 21264 --- [nio-8081-exec-2] .w.s.m.s.DefaultHandlerExceptionResolver : Resolved [org.springframework.http.converter.HttpMessageNotReadableException: Required request body is missing: public org.springframework.http.ResponseEntity<com.city.mobility.dto.TransportDTO> com.city.mobility.controller.TransportController.updateTransport(java.lang.Long,com.city.mobility.dto.TransportDTO)]
Hibernate: select t1_0.id,t1_0.arrival_time,t1_0.available_seats,t1_0.delay_minutes,t1_0.departure_time,t1_0.destination,t1_0.line_number,t1_0.origin,t1_0.status,t1_0.type from transports t1_0 where t1_0.id=?
2025-12-04T20:14:43.080+01:00  WARN 21264 --- [l-1 housekeeper] com.zaxxer.hikari.pool.HikariPool        : HikariPool-1 - Thread starvation or clock leap detected (housekeeper delta=5m23s995ms423µs300ns).
2025-12-04T20:29:21.482+01:00  WARN 21264 --- [l-1 housekeeper] com.zaxxer.hikari.pool.HikariPool        : HikariPool-1 - Thread starvation or clock leap detected (housekeeper delta=14m8s476ms950µs200ns).
2025-12-04T20:52:37.781+01:00  WARN 21264 --- [l-1 housekeeper] com.zaxxer.hikari.pool.HikariPool        : HikariPool-1 - Thread starvation or clock leap detected (housekeeper delta=23m16s430ms991µs).
